;  LST file generated by mikroListExporter - v.2.0 
; Date/Time: 14-06-2026 20:26:40
;----------------------------------------------

;Address Opcode 	ASM
0x0000	0x2812      	GOTO       18
_Inicializar_ADC:
;adc_hal.mpas,9 :: 		begin
;adc_hal.mpas,10 :: 		CMCON := 7;
0x0003	0x3007      	MOVLW      7
0x0004	0x1283      	BCF        STATUS, 5
0x0005	0x0099      	MOVWF      CMCON
;adc_hal.mpas,11 :: 		ANSEL := %00011111;
0x0006	0x301F      	MOVLW      31
0x0007	0x1683      	BSF        STATUS, 5
0x0008	0x009F      	MOVWF      ANSEL
;adc_hal.mpas,12 :: 		TRISIO := %00011111;
0x0009	0x301F      	MOVLW      31
0x000A	0x0085      	MOVWF      TRISIO
;adc_hal.mpas,13 :: 		ADCON0 := %10000001;
0x000B	0x3081      	MOVLW      129
0x000C	0x1283      	BCF        STATUS, 5
0x000D	0x009F      	MOVWF      ADCON0
;adc_hal.mpas,14 :: 		end;
L_end_Inicializar_ADC:
0x000E	0x0008      	RETURN
; end of _Inicializar_ADC
_UART_Init:
;lcd_serial.mpas,12 :: 		begin
;lcd_serial.mpas,13 :: 		TX_PIN := 1;
0x000F	0x1283      	BCF        STATUS, 5
0x0010	0x1685      	BSF        GPIO, 5
;lcd_serial.mpas,14 :: 		end;
L_end_UART_Init:
0x0011	0x0008      	RETURN
; end of _UART_Init
_main:
;voltimetro.mpas,5 :: 		begin
;voltimetro.mpas,6 :: 		Inicializar_ADC();
0x0012	0x2003      	CALL       _Inicializar_ADC
;voltimetro.mpas,7 :: 		UART_Init();
0x0013	0x200F      	CALL       _UART_Init
;voltimetro.mpas,8 :: 		while true do
L__main2:
0x0014	0x2814      	GOTO       L__main2
;voltimetro.mpas,11 :: 		end.
L_end_main:
0x0015	0x2815      	GOTO       $+0
; end of _main
Symbol List:
//** Routines locations **
//ADDRESS    SIZE    PROCEDURE
//----------------------------------------------
0x0003      [12]    _Inicializar_ADC
0x000F       [3]    _UART_Init
0x0012       [4]    _main
//** Variables locations ** 
//ADDRESS    SIZE    VARIABLE
//----------------------------------------------
0x0005       [1]    GPIO
0x0005       [0]    lcd_serial_TX_PIN
0x0019       [1]    CMCON
0x001F       [1]    ADCON0
0x0050       [1]    R0
0x0051       [1]    R1
0x0052       [1]    R2
0x0053       [1]    R3
0x0054       [1]    R4
0x0055       [1]    R5
0x0056       [1]    R6
0x0057       [1]    R7
0x0058       [1]    R8
0x0059       [1]    R9
0x005A       [1]    R10
0x005B       [1]    R11
0x005C       [1]    R12
0x005D       [1]    R13
0x005E       [1]    R14
0x005F       [1]    R15
0x0085       [1]    TRISIO
0x009F       [1]    ANSEL
